<?xml version="1.0" encoding="UTF-8"?>
<testsuite xmlns:xsi="http://www.w3.org/2001/XMLSchema-instance" xsi:noNamespaceSchemaLocation="https://maven.apache.org/surefire/maven-surefire-plugin/xsd/surefire-test-report.xsd" version="3.0.2" name="com.batuhan.springboot.thymeleafdemo.ThymeleafdemoApplicationTests" time="22.133" tests="1" errors="0" skipped="0" failures="0">
  <properties>
[...]
</properties>
  <testcase name="contextLoads" classname="com.batuhan.springboot.thymeleafdemo.ThymeleafdemoApplicationTests" time="0.897">
    <system-out><![CDATA[Standard Commons Logging discovery in action with spring-jcl: please remove commons-logging.jar from classpath in order to avoid potential conflicts
14:22:28.874 [main] INFO org.springframework.test.context.support.AnnotationConfigContextLoaderUtils -- Could not detect default configuration classes for test class [com.batuhan.springboot.thymeleafdemo.ThymeleafdemoApplicationTests]: ThymeleafdemoApplicationTests does not declare any static, non-private, non-final, nested classes annotated with @Configuration.
14:22:29.229 [main] INFO org.springframework.boot.test.context.SpringBootTestContextBootstrapper -- Found @SpringBootConfiguration com.batuhan.springboot.thymeleafdemo.ThymeleafdemoApplication for test class com.batuhan.springboot.thymeleafdemo.ThymeleafdemoApplicationTests
14:22:30.052 [main] INFO org.springframework.boot.devtools.restart.RestartApplicationListener -- Restart disabled due to context in which it is running

  .   ____          _            __ _ _
 /\\ / ___'_ __ _ _(_)_ __  __ _ \ \ \ \
( ( )\___ | '_ | '_| | '_ \/ _` | \ \ \ \
 \\/  ___)| |_)| | | | | || (_| |  ) ) ) )
  '  |____| .__|_| |_|_| |_\__, | / / / /
 =========|_|==============|___/=/_/_/_/

 :: Spring Boot ::                (v3.4.0)

2024-12-16T14:22:31.242+03:00  INFO 9800 --- [           main] c.b.s.t.ThymeleafdemoApplicationTests    : Starting ThymeleafdemoApplicationTests using Java 17.0.12 with PID 9800 (started by batuh in C:\Users\batuh\VsCoding\spring-boot-3-spring-mvc-crud)
2024-12-16T14:22:31.248+03:00  INFO 9800 --- [           main] c.b.s.t.ThymeleafdemoApplicationTests    : No active profile set, falling back to 1 default profile: "default"
2024-12-16T14:22:34.858+03:00  INFO 9800 --- [           main] .s.d.r.c.RepositoryConfigurationDelegate : Bootstrapping Spring Data JPA repositories in DEFAULT mode.
2024-12-16T14:22:35.766+03:00  INFO 9800 --- [           main] .s.d.r.c.RepositoryConfigurationDelegate : Finished Spring Data repository scanning in 832 ms. Found 1 JPA repository interface.
2024-12-16T14:22:39.179+03:00  INFO 9800 --- [           main] com.zaxxer.hikari.HikariDataSource       : HikariPool-1 - Starting...
2024-12-16T14:22:40.986+03:00  INFO 9800 --- [           main] com.zaxxer.hikari.pool.HikariPool        : HikariPool-1 - Added connection com.mysql.cj.jdbc.ConnectionImpl@22791b75
2024-12-16T14:22:40.994+03:00  INFO 9800 --- [           main] com.zaxxer.hikari.HikariDataSource       : HikariPool-1 - Start completed.
2024-12-16T14:22:41.750+03:00  INFO 9800 --- [           main] o.hibernate.jpa.internal.util.LogHelper  : HHH000204: Processing PersistenceUnitInfo [name: default]
2024-12-16T14:22:42.257+03:00  INFO 9800 --- [           main] org.hibernate.Version                    : HHH000412: Hibernate ORM core version 6.6.2.Final
2024-12-16T14:22:42.417+03:00  INFO 9800 --- [           main] o.h.c.internal.RegionFactoryInitiator    : HHH000026: Second-level cache disabled
2024-12-16T14:22:44.510+03:00  INFO 9800 --- [           main] o.s.o.j.p.SpringPersistenceUnitInfo      : No LoadTimeWeaver setup: ignoring JPA class transformer
2024-12-16T14:22:45.009+03:00  INFO 9800 --- [           main] org.hibernate.orm.connections.pooling    : HHH10001005: Database info:
	Database JDBC URL [Connecting through datasource 'HikariDataSource (HikariPool-1)']
	Database driver: undefined/unknown
	Database version: 8.0.40
	Autocommit mode: undefined/unknown
	Isolation level: undefined/unknown
	Minimum pool size: undefined/unknown
	Maximum pool size: undefined/unknown
2024-12-16T14:22:47.428+03:00  INFO 9800 --- [           main] o.h.e.t.j.p.i.JtaPlatformInitiator       : HHH000489: No JTA platform available (set 'hibernate.transaction.jta.platform' to enable JTA platform integration)
2024-12-16T14:22:47.439+03:00  INFO 9800 --- [           main] j.LocalContainerEntityManagerFactoryBean : Initialized JPA EntityManagerFactory for persistence unit 'default'
2024-12-16T14:22:48.571+03:00  WARN 9800 --- [           main] JpaBaseConfiguration$JpaWebConfiguration : spring.jpa.open-in-view is enabled by default. Therefore, database queries may be performed during view rendering. Explicitly configure spring.jpa.open-in-view to disable this warning
2024-12-16T14:22:48.635+03:00  INFO 9800 --- [           main] o.s.b.a.w.s.WelcomePageHandlerMapping    : Adding welcome page: class path resource [static/index.html]
2024-12-16T14:22:49.436+03:00  INFO 9800 --- [           main] c.b.s.t.ThymeleafdemoApplicationTests    : Started ThymeleafdemoApplicationTests in 19.433 seconds (process running for 23.189)
]]></system-out>
  </testcase>
</testsuite>